==793315== Memcheck, a memory error detector
==793315== Copyright (C) 2002-2017, and GNU GPL'd, by Julian Seward et al.
==793315== Using Valgrind-3.18.1 and LibVEX; rerun with -h for copyright info
==793315== Command: ./webserv default_config
==793315== 
http{
	server {
		listen 8079;

		root ./www/default;
		index index.html index.htm;

		cgi .php /usr/lib/cgi-bin/php .py /usr/bin/python3 

		server_name default;

		location /Downloads {
			allow_method POST GET;
			root ./www/default/bouhbouh;
			try_files $uri $uri/ =404;
		}
		error_page  404     ./www/default/w404.html;
		error_page  403     /403.html;
	}

	server {
		listen 8080;

		root ./www/basic;

		index index.html index.htm;

		server_name basic;

		error_page  404     /404.html;
		error_page  403     /403.html;
	}
}
Port:8079
IP:*
Root:./www/default
Port:8080
IP:*
Server_Name:basic
Root:./www/basic
The number of clients is: 0
The number of clients is: 1
Chunk in parsing : GET /cgi/bible.txt HTTP/1.1
Host: 127.0.0.1:8079
Accept: */*
Accept-Encoding: gzip, deflate
User-Agent: Mozilla/5.0 (pc-x86_64-linux-gnu) Siege/4.1.5
Connection: close


Decoded URI : /cgi/bible.txt
File in while : /cgi/bible.txt with size : 14
File in while : cgi/bible.txt with size : 13
File in while : bible.txt with size : 9
tmp : bible.txt
count : 0
tmp : cgi/
count : 0
tmp : /
count : 0
file in second while : 
file in second while : /
file in second while : /cgi/
file : /cgi/bible.txt
Key :accept
Val :*/*
Key :accept-encoding
Val :gzip
Val :deflate
Key :connection
Val :close
Key :host
Val :127.0.0.1
Key :user-agent
Val :Mozilla/5.0 (pc-x86_64-linux-gnu) Siege/4.1.5
Result : 200
Fully qualified path: ***./www/default/cgi/bible.txt***
The file is: ./www/default/cgi/bible.txt
The path_info is: 
No execution of cgi
Chunk size:1048576
1:1 In the begi
HEX size 100000

100000
1:1 In 
Chunk size 1048586
The number of clients is: 2
Sending
bytes sent: 1048586, body size: 1048586
 bind thee fast
HEX size 100000

100000
 bind t
Chunk size 1048586
Chunk in parsing : GET /cgi/bible.txt HTTP/1.1
Host: 127.0.0.1:8079
Accept: */*
Accept-Encoding: gzip, deflate
User-Agent: Mozilla/5.0 (pc-x86_64-linux-gnu) Siege/4.1.5
Connection: close


Decoded URI : /cgi/bible.txt
File in while : /cgi/bible.txt with size : 14
File in while : cgi/bible.txt with size : 13
File in while : bible.txt with size : 9
tmp : bible.txt
count : 0
tmp : cgi/
count : 0
tmp : /
count : 0
file in second while : 
file in second while : /
file in second while : /cgi/
file : /cgi/bible.txt
Key :accept
Val :*/*
Key :accept-encoding
Val :gzip
Val :deflate
Key :connection
Val :close
Key :host
Val :127.0.0.1
Key :user-agent
Val :Mozilla/5.0 (pc-x86_64-linux-gnu) Siege/4.1.5
Result : 200
Fully qualified path: ***./www/default/cgi/bible.txt***
The file is: ./www/default/cgi/bible.txt
The path_info is: 
No execution of cgi
Chunk size:1048576
1:1 In the begi
HEX size 100000

100000
1:1 In 
Chunk size 1048586
The number of clients is: 3
Sending
bytes sent: 1048586, body size: 1048586
filled the judg
HEX size 100000

100000
filled 
Chunk size 1048586
Sending
bytes sent: 1048586, body size: 1048586
 bind thee fast
HEX size 100000

100000
 bind t
Chunk size 1048586
Chunk in parsing : GET /cgi/bible.txt HTTP/1.1
Host: 127.0.0.1:8079
Accept: */*
Accept-Encoding: gzip, deflate
User-Agent: Mozilla/5.0 (pc-x86_64-linux-gnu) Siege/4.1.5
Connection: close


Decoded URI : /cgi/bible.txt
File in while : /cgi/bible.txt with size : 14
File in while : cgi/bible.txt with size : 13
File in while : bible.txt with size : 9
tmp : bible.txt
count : 0
tmp : cgi/
count : 0
tmp : /
count : 0
file in second while : 
file in second while : /
file in second while : /cgi/
file : /cgi/bible.txt
Key :accept
Val :*/*
Key :accept-encoding
Val :gzip
Val :deflate
Key :connection
Val :close
Key :host
Val :127.0.0.1
Key :user-agent
Val :Mozilla/5.0 (pc-x86_64-linux-gnu) Siege/4.1.5
Result : 200
Fully qualified path: ***./www/default/cgi/bible.txt***
The file is: ./www/default/cgi/bible.txt
The path_info is: 
No execution of cgi
Chunk size:1048576
1:1 In the begi
HEX size 100000

100000
1:1 In 
Chunk size 1048586
The number of clients is: 4
Sending
bytes sent: 1048586, body size: 1048586
 and as broad a
HEX size 100000

100000
 and as
Chunk size 1048586
Sending
bytes sent: 1047728, body size: 1048586
Sending
Error while sending
Chunk in parsing : GET /cgi/bible.txt HTTP/1.1
Host: 127.0.0.1:8079
Accept: */*
Accept-Encoding: gzip, deflate
User-Agent: Mozilla/5.0 (pc-x86_64-linux-gnu) Siege/4.1.5
Connection: close


Decoded URI : /cgi/bible.txt
File in while : /cgi/bible.txt with size : 14
File in while : cgi/bible.txt with size : 13
File in while : bible.txt with size : 9
tmp : bible.txt
count : 0
tmp : cgi/
count : 0
tmp : /
count : 0
file in second while : 
file in second while : /
file in second while : /cgi/
file : /cgi/bible.txt
Key :accept
Val :*/*
Key :accept-encoding
Val :gzip
Val :deflate
Key :connection
Val :close
Key :host
Val :127.0.0.1
Key :user-agent
Val :Mozilla/5.0 (pc-x86_64-linux-gnu) Siege/4.1.5
Result : 200
Fully qualified path: ***./www/default/cgi/bible.txt***
The file is: ./www/default/cgi/bible.txt
The path_info is: 
No execution of cgi
Chunk size:1048576
1:1 In the begi
HEX size 100000

100000
1:1 In 
Chunk size 1048586
The number of clients is: 4
Sending
bytes sent: 1047728, body size: 1048586
Sending
Error while sending
Chunk in parsing : GET /cgi/bible.txt HTTP/1.1
Host: 127.0.0.1:8079
Accept: */*
Accept-Encoding: gzip, deflate
User-Agent: Mozilla/5.0 (pc-x86_64-linux-gnu) Siege/4.1.5
Connection: close


Decoded URI : /cgi/bible.txt
File in while : /cgi/bible.txt with size : 14
File in while : cgi/bible.txt with size : 13
File in while : bible.txt with size : 9
tmp : bible.txt
count : 0
tmp : cgi/
count : 0
tmp : /
count : 0
file in second while : 
file in second while : /
file in second while : /cgi/
file : /cgi/bible.txt
Key :accept
Val :*/*
Key :accept-encoding
Val :gzip
Val :deflate
Key :connection
Val :close
Key :host
Val :127.0.0.1
Key :user-agent
Val :Mozilla/5.0 (pc-x86_64-linux-gnu) Siege/4.1.5
Result : 200
Fully qualified path: ***./www/default/cgi/bible.txt***
The file is: ./www/default/cgi/bible.txt
The path_info is: 
No execution of cgi
Chunk size:1048576
1:1 In the begi
HEX size 100000

100000
1:1 In 
Chunk size 1048586
The number of clients is: 3
Sending
Error while sending
Chunk in parsing : GET /cgi/bible.txt HTTP/1.1
Host: 127.0.0.1:8079
Accept: */*
Accept-Encoding: gzip, deflate
User-Agent: Mozilla/5.0 (pc-x86_64-linux-gnu) Siege/4.1.5
Connection: close


Decoded URI : /cgi/bible.txt
File in while : /cgi/bible.txt with size : 14
File in while : cgi/bible.txt with size : 13
File in while : bible.txt with size : 9
tmp : bible.txt
count : 0
tmp : cgi/
count : 0
tmp : /
count : 0
file in second while : 
file in second while : /
file in second while : /cgi/
file : /cgi/bible.txt
Key :accept
Val :*/*
Key :accept-encoding
Val :gzip
Val :deflate
Key :connection
Val :close
Key :host
Val :127.0.0.1
Key :user-agent
Val :Mozilla/5.0 (pc-x86_64-linux-gnu) Siege/4.1.5
Result : 200
Fully qualified path: ***./www/default/cgi/bible.txt***
The file is: ./www/default/cgi/bible.txt
The path_info is: 
No execution of cgi
Chunk size:1048576
1:1 In the begi
HEX size 100000

100000
1:1 In 
Chunk size 1048586
The number of clients is: 2
Sending
Error while sending
Chunk in parsing : GET /cgi/bible.txt HTTP/1.1
Host: 127.0.0.1:8079
Accept: */*
Accept-Encoding: gzip, deflate
User-Agent: Mozilla/5.0 (pc-x86_64-linux-gnu) Siege/4.1.5
Connection: close


Decoded URI : /cgi/bible.txt
File in while : /cgi/bible.txt with size : 14
File in while : cgi/bible.txt with size : 13
File in while : bible.txt with size : 9
tmp : bible.txt
count : 0
tmp : cgi/
count : 0
tmp : /
count : 0
file in second while : 
file in second while : /
file in second while : /cgi/
file : /cgi/bible.txt
Key :accept
Val :*/*
Key :accept-encoding
Val :gzip
Val :deflate
Key :connection
Val :close
Key :host
Val :127.0.0.1
Key :user-agent
Val :Mozilla/5.0 (pc-x86_64-linux-gnu) Siege/4.1.5
Result : 200
Fully qualified path: ***./www/default/cgi/bible.txt***
The file is: ./www/default/cgi/bible.txt
The path_info is: 
No execution of cgi
Chunk size:1048576
1:1 In the begi
HEX size 100000

100000
1:1 In 
Chunk size 1048586
The number of clients is: 2
Sending
Error while sending
Chunk in parsing : GET /cgi/bible.txt HTTP/1.1
Host: 127.0.0.1:8079
Accept: */*
Accept-Encoding: gzip, deflate
User-Agent: Mozilla/5.0 (pc-x86_64-linux-gnu) Siege/4.1.5
Connection: close


Decoded URI : /cgi/bible.txt
File in while : /cgi/bible.txt with size : 14
File in while : cgi/bible.txt with size : 13
File in while : bible.txt with size : 9
tmp : bible.txt
count : 0
tmp : cgi/
count : 0
tmp : /
count : 0
file in second while : 
file in second while : /
file in second while : /cgi/
file : /cgi/bible.txt
Key :accept
Val :*/*
Key :accept-encoding
Val :gzip
Val :deflate
Key :connection
Val :close
Key :host
Val :127.0.0.1
Key :user-agent
Val :Mozilla/5.0 (pc-x86_64-linux-gnu) Siege/4.1.5
Result : 200
Fully qualified path: ***./www/default/cgi/bible.txt***
The file is: ./www/default/cgi/bible.txt
The path_info is: 
No execution of cgi
Chunk size:1048576
1:1 In the begi
HEX size 100000

100000
1:1 In 
Chunk size 1048586
The number of clients is: 2
Sending
Error while sending
Chunk in parsing : GET /cgi/bible.txt HTTP/1.1
Host: 127.0.0.1:8079
Accept: */*
Accept-Encoding: gzip, deflate
User-Agent: Mozilla/5.0 (pc-x86_64-linux-gnu) Siege/4.1.5
Connection: close


Decoded URI : /cgi/bible.txt
File in while : /cgi/bible.txt with size : 14
File in while : cgi/bible.txt with size : 13
File in while : bible.txt with size : 9
tmp : bible.txt
count : 0
tmp : cgi/
count : 0
tmp : /
count : 0
file in second while : 
file in second while : /
file in second while : /cgi/
file : /cgi/bible.txt
Key :accept
Val :*/*
Key :accept-encoding
Val :gzip
Val :deflate
Key :connection
Val :close
Key :host
Val :127.0.0.1
Key :user-agent
Val :Mozilla/5.0 (pc-x86_64-linux-gnu) Siege/4.1.5
Result : 200
Fully qualified path: ***./www/default/cgi/bible.txt***
The file is: ./www/default/cgi/bible.txt
The path_info is: 
No execution of cgi
Chunk size:1048576
1:1 In the begi
HEX size 100000

100000
1:1 In 
Chunk size 1048586
The number of clients is: 2
Sending
Error while sending
Chunk in parsing : GET /cgi/bible.txt HTTP/1.1
Host: 127.0.0.1:8079
Accept: */*
Accept-Encoding: gzip, deflate
User-Agent: Mozilla/5.0 (pc-x86_64-linux-gnu) Siege/4.1.5
Connection: close


Decoded URI : /cgi/bible.txt
File in while : /cgi/bible.txt with size : 14
File in while : cgi/bible.txt with size : 13
File in while : bible.txt with size : 9
tmp : bible.txt
count : 0
tmp : cgi/
count : 0
tmp : /
count : 0
file in second while : 
file in second while : /
file in second while : /cgi/
file : /cgi/bible.txt
Key :accept
Val :*/*
Key :accept-encoding
Val :gzip
Val :deflate
Key :connection
Val :close
Key :host
Val :127.0.0.1
Key :user-agent
Val :Mozilla/5.0 (pc-x86_64-linux-gnu) Siege/4.1.5
Result : 200
Fully qualified path: ***./www/default/cgi/bible.txt***
The file is: ./www/default/cgi/bible.txt
The path_info is: 
No execution of cgi
Chunk size:1048576
1:1 In the begi
HEX size 100000

100000
1:1 In 
Chunk size 1048586
The number of clients is: 2
Sending
Error while sending
Chunk in parsing : GET /cgi/bible.txt HTTP/1.1
Host: 127.0.0.1:8079
Accept: */*
Accept-Encoding: gzip, deflate
User-Agent: Mozilla/5.0 (pc-x86_64-linux-gnu) Siege/4.1.5
Connection: close


Decoded URI : /cgi/bible.txt
File in while : /cgi/bible.txt with size : 14
File in while : cgi/bible.txt with size : 13
File in while : bible.txt with size : 9
tmp : bible.txt
count : 0
tmp : cgi/
count : 0
tmp : /
count : 0
file in second while : 
file in second while : /
file in second while : /cgi/
file : /cgi/bible.txt
Key :accept
Val :*/*
Key :accept-encoding
Val :gzip
Val :deflate
Key :connection
Val :close
Key :host
Val :127.0.0.1
Key :user-agent
Val :Mozilla/5.0 (pc-x86_64-linux-gnu) Siege/4.1.5
Result : 200
Fully qualified path: ***./www/default/cgi/bible.txt***
The file is: ./www/default/cgi/bible.txt
The path_info is: 
No execution of cgi
Chunk size:1048576
1:1 In the begi
HEX size 100000

100000
1:1 In 
Chunk size 1048586
The number of clients is: 2
Sending
Error while sending
Chunk in parsing : GET /cgi/bible.txt HTTP/1.1
Host: 127.0.0.1:8079
Accept: */*
Accept-Encoding: gzip, deflate
User-Agent: Mozilla/5.0 (pc-x86_64-linux-gnu) Siege/4.1.5
Connection: close


Decoded URI : /cgi/bible.txt
File in while : /cgi/bible.txt with size : 14
File in while : cgi/bible.txt with size : 13
File in while : bible.txt with size : 9
tmp : bible.txt
count : 0
tmp : cgi/
count : 0
tmp : /
count : 0
file in second while : 
file in second while : /
file in second while : /cgi/
file : /cgi/bible.txt
Key :accept
Val :*/*
Key :accept-encoding
Val :gzip
Val :deflate
Key :connection
Val :close
Key :host
Val :127.0.0.1
Key :user-agent
Val :Mozilla/5.0 (pc-x86_64-linux-gnu) Siege/4.1.5
Result : 200
Fully qualified path: ***./www/default/cgi/bible.txt***
The file is: ./www/default/cgi/bible.txt
The path_info is: 
No execution of cgi
Chunk size:1048576
1:1 In the begi
HEX size 100000

100000
1:1 In 
Chunk size 1048586
The number of clients is: 2
Sending
Error while sending
Chunk in parsing : GET /cgi/bible.txt HTTP/1.1
Host: 127.0.0.1:8079
Accept: */*
Accept-Encoding: gzip, deflate
User-Agent: Mozilla/5.0 (pc-x86_64-linux-gnu) Siege/4.1.5
Connection: close


Decoded URI : /cgi/bible.txt
File in while : /cgi/bible.txt with size : 14
File in while : cgi/bible.txt with size : 13
File in while : bible.txt with size : 9
tmp : bible.txt
count : 0
tmp : cgi/
count : 0
tmp : /
count : 0
file in second while : 
file in second while : /
file in second while : /cgi/
file : /cgi/bible.txt
Key :accept
Val :*/*
Key :accept-encoding
Val :gzip
Val :deflate
Key :connection
Val :close
Key :host
Val :127.0.0.1
Key :user-agent
Val :Mozilla/5.0 (pc-x86_64-linux-gnu) Siege/4.1.5
Result : 200
Fully qualified path: ***./www/default/cgi/bible.txt***
The file is: ./www/default/cgi/bible.txt
The path_info is: 
No execution of cgi
Chunk size:1048576
1:1 In the begi
HEX size 100000

100000
1:1 In 
Chunk size 1048586
The number of clients is: 2
Sending
Error while sending
Chunk in parsing : GET /cgi/bible.txt HTTP/1.1
Host: 127.0.0.1:8079
Accept: */*
Accept-Encoding: gzip, deflate
User-Agent: Mozilla/5.0 (pc-x86_64-linux-gnu) Siege/4.1.5
Connection: close


Decoded URI : /cgi/bible.txt
File in while : /cgi/bible.txt with size : 14
File in while : cgi/bible.txt with size : 13
File in while : bible.txt with size : 9
tmp : bible.txt
count : 0
tmp : cgi/
count : 0
tmp : /
count : 0
file in second while : 
file in second while : /
file in second while : /cgi/
file : /cgi/bible.txt
Key :accept
Val :*/*
Key :accept-encoding
Val :gzip
Val :deflate
Key :connection
Val :close
Key :host
Val :127.0.0.1
Key :user-agent
Val :Mozilla/5.0 (pc-x86_64-linux-gnu) Siege/4.1.5
Result : 200
Fully qualified path: ***./www/default/cgi/bible.txt***
The file is: ./www/default/cgi/bible.txt
The path_info is: 
No execution of cgi
Chunk size:1048576
1:1 In the begi
HEX size 100000

100000
1:1 In 
Chunk size 1048586
The number of clients is: 2
Sending
Error while sending
Chunk in parsing : GET /cgi/bible.txt HTTP/1.1
Host: 127.0.0.1:8079
Accept: */*
Accept-Encoding: gzip, deflate
User-Agent: Mozilla/5.0 (pc-x86_64-linux-gnu) Siege/4.1.5
Connection: close


Decoded URI : /cgi/bible.txt
File in while : /cgi/bible.txt with size : 14
File in while : cgi/bible.txt with size : 13
File in while : bible.txt with size : 9
tmp : bible.txt
count : 0
tmp : cgi/
count : 0
tmp : /
count : 0
file in second while : 
file in second while : /
file in second while : /cgi/
file : /cgi/bible.txt
Key :accept
Val :*/*
Key :accept-encoding
Val :gzip
Val :deflate
Key :connection
Val :close
Key :host
Val :127.0.0.1
Key :user-agent
Val :Mozilla/5.0 (pc-x86_64-linux-gnu) Siege/4.1.5
Result : 200
Fully qualified path: ***./www/default/cgi/bible.txt***
The file is: ./www/default/cgi/bible.txt
The path_info is: 
No execution of cgi
Chunk size:1048576
1:1 In the begi
HEX size 100000

100000
1:1 In 
Chunk size 1048586
The number of clients is: 2
Sending
Error while sending
Chunk in parsing : GET /cgi/bible.txt HTTP/1.1
Host: 127.0.0.1:8079
Accept: */*
Accept-Encoding: gzip, deflate
User-Agent: Mozilla/5.0 (pc-x86_64-linux-gnu) Siege/4.1.5
Connection: close


Decoded URI : /cgi/bible.txt
File in while : /cgi/bible.txt with size : 14
File in while : cgi/bible.txt with size : 13
File in while : bible.txt with size : 9
tmp : bible.txt
count : 0
tmp : cgi/
count : 0
tmp : /
count : 0
file in second while : 
file in second while : /
file in second while : /cgi/
file : /cgi/bible.txt
Key :accept
Val :*/*
Key :accept-encoding
Val :gzip
Val :deflate
Key :connection
Val :close
Key :host
Val :127.0.0.1
Key :user-agent
Val :Mozilla/5.0 (pc-x86_64-linux-gnu) Siege/4.1.5
Result : 200
Fully qualified path: ***./www/default/cgi/bible.txt***
The file is: ./www/default/cgi/bible.txt
The path_info is: 
No execution of cgi
Chunk size:1048576
1:1 In the begi
HEX size 100000

100000
1:1 In 
Chunk size 1048586
The number of clients is: 2
Sending
Error while sending
Chunk in parsing : GET /cgi/bible.txt HTTP/1.1
Host: 127.0.0.1:8079
Accept: */*
Accept-Encoding: gzip, deflate
User-Agent: Mozilla/5.0 (pc-x86_64-linux-gnu) Siege/4.1.5
Connection: close


Decoded URI : /cgi/bible.txt
File in while : /cgi/bible.txt with size : 14
File in while : cgi/bible.txt with size : 13
File in while : bible.txt with size : 9
tmp : bible.txt
count : 0
tmp : cgi/
count : 0
tmp : /
count : 0
file in second while : 
file in second while : /
file in second while : /cgi/
file : /cgi/bible.txt
Key :accept
Val :*/*
Key :accept-encoding
Val :gzip
Val :deflate
Key :connection
Val :close
Key :host
Val :127.0.0.1
Key :user-agent
Val :Mozilla/5.0 (pc-x86_64-linux-gnu) Siege/4.1.5
Result : 200
Fully qualified path: ***./www/default/cgi/bible.txt***
The file is: ./www/default/cgi/bible.txt
The path_info is: 
No execution of cgi
Chunk size:1048576
1:1 In the begi
HEX size 100000

100000
1:1 In 
Chunk size 1048586
The number of clients is: 2
Sending
Error while sending
Chunk in parsing : GET /cgi/bible.txt HTTP/1.1
Host: 127.0.0.1:8079
Accept: */*
Accept-Encoding: gzip, deflate
User-Agent: Mozilla/5.0 (pc-x86_64-linux-gnu) Siege/4.1.5
Connection: close


Decoded URI : /cgi/bible.txt
File in while : /cgi/bible.txt with size : 14
File in while : cgi/bible.txt with size : 13
File in while : bible.txt with size : 9
tmp : bible.txt
count : 0
tmp : cgi/
count : 0
tmp : /
count : 0
file in second while : 
file in second while : /
file in second while : /cgi/
file : /cgi/bible.txt
Key :accept
Val :*/*
Key :accept-encoding
Val :gzip
Val :deflate
Key :connection
Val :close
Key :host
Val :127.0.0.1
Key :user-agent
Val :Mozilla/5.0 (pc-x86_64-linux-gnu) Siege/4.1.5
Result : 200
Fully qualified path: ***./www/default/cgi/bible.txt***
The file is: ./www/default/cgi/bible.txt
The path_info is: 
No execution of cgi
Chunk size:1048576
1:1 In the begi
HEX size 100000

100000
1:1 In 
Chunk size 1048586
The number of clients is: 2
Sending
Error while sending
Chunk in parsing : GET /cgi/bible.txt HTTP/1.1
Host: 127.0.0.1:8079
Accept: */*
Accept-Encoding: gzip, deflate
User-Agent: Mozilla/5.0 (pc-x86_64-linux-gnu) Siege/4.1.5
Connection: close


Decoded URI : /cgi/bible.txt
File in while : /cgi/bible.txt with size : 14
File in while : cgi/bible.txt with size : 13
File in while : bible.txt with size : 9
tmp : bible.txt
count : 0
tmp : cgi/
count : 0
tmp : /
count : 0
file in second while : 
file in second while : /
file in second while : /cgi/
file : /cgi/bible.txt
Key :accept
Val :*/*
Key :accept-encoding
Val :gzip
Val :deflate
Key :connection
Val :close
Key :host
Val :127.0.0.1
Key :user-agent
Val :Mozilla/5.0 (pc-x86_64-linux-gnu) Siege/4.1.5
Result : 200
Fully qualified path: ***./www/default/cgi/bible.txt***
The file is: ./www/default/cgi/bible.txt
The path_info is: 
No execution of cgi
Chunk size:1048576
1:1 In the begi
HEX size 100000

100000
1:1 In 
Chunk size 1048586
The number of clients is: 2
Sending
Error while sending
Chunk in parsing : GET /cgi/bible.txt HTTP/1.1
Host: 127.0.0.1:8079
Accept: */*
Accept-Encoding: gzip, deflate
User-Agent: Mozilla/5.0 (pc-x86_64-linux-gnu) Siege/4.1.5
Connection: close


Decoded URI : /cgi/bible.txt
File in while : /cgi/bible.txt with size : 14
File in while : cgi/bible.txt with size : 13
File in while : bible.txt with size : 9
tmp : bible.txt
count : 0
tmp : cgi/
count : 0
tmp : /
count : 0
file in second while : 
file in second while : /
file in second while : /cgi/
file : /cgi/bible.txt
Key :accept
Val :*/*
Key :accept-encoding
Val :gzip
Val :deflate
Key :connection
Val :close
Key :host
Val :127.0.0.1
Key :user-agent
Val :Mozilla/5.0 (pc-x86_64-linux-gnu) Siege/4.1.5
Result : 200
Fully qualified path: ***./www/default/cgi/bible.txt***
The file is: ./www/default/cgi/bible.txt
The path_info is: 
No execution of cgi
Chunk size:1048576
1:1 In the begi
HEX size 100000

100000
1:1 In 
Chunk size 1048586
The number of clients is: 2
Sending
Error while sending
Chunk in parsing : GET /cgi/bible.txt HTTP/1.1
Host: 127.0.0.1:8079
Accept: */*
Accept-Encoding: gzip, deflate
User-Agent: Mozilla/5.0 (pc-x86_64-linux-gnu) Siege/4.1.5
Connection: close


Decoded URI : /cgi/bible.txt
File in while : /cgi/bible.txt with size : 14
File in while : cgi/bible.txt with size : 13
File in while : bible.txt with size : 9
tmp : bible.txt
count : 0
tmp : cgi/
count : 0
tmp : /
count : 0
file in second while : 
file in second while : /
file in second while : /cgi/
file : /cgi/bible.txt
Key :accept
Val :*/*
Key :accept-encoding
Val :gzip
Val :deflate
Key :connection
Val :close
Key :host
Val :127.0.0.1
Key :user-agent
Val :Mozilla/5.0 (pc-x86_64-linux-gnu) Siege/4.1.5
Result : 200
Fully qualified path: ***./www/default/cgi/bible.txt***
The file is: ./www/default/cgi/bible.txt
The path_info is: 
No execution of cgi
Chunk size:1048576
1:1 In the begi
HEX size 100000

100000
1:1 In 
Chunk size 1048586
The number of clients is: 2
Sending
Error while sending
Chunk in parsing : GET /cgi/bible.txt HTTP/1.1
Host: 127.0.0.1:8079
Accept: */*
Accept-Encoding: gzip, deflate
User-Agent: Mozilla/5.0 (pc-x86_64-linux-gnu) Siege/4.1.5
Connection: close


Decoded URI : /cgi/bible.txt
File in while : /cgi/bible.txt with size : 14
File in while : cgi/bible.txt with size : 13
File in while : bible.txt with size : 9
tmp : bible.txt
count : 0
tmp : cgi/
count : 0
tmp : /
count : 0
file in second while : 
file in second while : /
file in second while : /cgi/
file : /cgi/bible.txt
Key :accept
Val :*/*
Key :accept-encoding
Val :gzip
Val :deflate
Key :connection
Val :close
Key :host
Val :127.0.0.1
Key :user-agent
Val :Mozilla/5.0 (pc-x86_64-linux-gnu) Siege/4.1.5
Result : 200
Fully qualified path: ***./www/default/cgi/bible.txt***
The file is: ./www/default/cgi/bible.txt
The path_info is: 
No execution of cgi
Chunk size:1048576
1:1 In the begi
HEX size 100000

100000
1:1 In 
Chunk size 1048586
The number of clients is: 2
Sending
Error while sending
Chunk in parsing : GET /cgi/bible.txt HTTP/1.1
Host: 127.0.0.1:8079
Accept: */*
Accept-Encoding: gzip, deflate
User-Agent: Mozilla/5.0 (pc-x86_64-linux-gnu) Siege/4.1.5
Connection: close


Decoded URI : /cgi/bible.txt
File in while : /cgi/bible.txt with size : 14
File in while : cgi/bible.txt with size : 13
File in while : bible.txt with size : 9
tmp : bible.txt
count : 0
tmp : cgi/
count : 0
tmp : /
count : 0
file in second while : 
file in second while : /
file in second while : /cgi/
file : /cgi/bible.txt
Key :accept
Val :*/*
Key :accept-encoding
Val :gzip
Val :deflate
Key :connection
Val :close
Key :host
Val :127.0.0.1
Key :user-agent
Val :Mozilla/5.0 (pc-x86_64-linux-gnu) Siege/4.1.5
Result : 200
Fully qualified path: ***./www/default/cgi/bible.txt***
The file is: ./www/default/cgi/bible.txt
The path_info is: 
No execution of cgi
Chunk size:1048576
1:1 In the begi
HEX size 100000

100000
1:1 In 
Chunk size 1048586
The number of clients is: 2
Sending
Error while sending
Chunk in parsing : GET /cgi/bible.txt HTTP/1.1
Host: 127.0.0.1:8079
Accept: */*
Accept-Encoding: gzip, deflate
User-Agent: Mozilla/5.0 (pc-x86_64-linux-gnu) Siege/4.1.5
Connection: close


Decoded URI : /cgi/bible.txt
File in while : /cgi/bible.txt with size : 14
File in while : cgi/bible.txt with size : 13
File in while : bible.txt with size : 9
tmp : bible.txt
count : 0
tmp : cgi/
count : 0
tmp : /
count : 0
file in second while : 
file in second while : /
file in second while : /cgi/
file : /cgi/bible.txt
Key :accept
Val :*/*
Key :accept-encoding
Val :gzip
Val :deflate
Key :connection
Val :close
Key :host
Val :127.0.0.1
Key :user-agent
Val :Mozilla/5.0 (pc-x86_64-linux-gnu) Siege/4.1.5
Result : 200
Fully qualified path: ***./www/default/cgi/bible.txt***
The file is: ./www/default/cgi/bible.txt
The path_info is: 
No execution of cgi
Chunk size:1048576
1:1 In the begi
HEX size 100000

100000
1:1 In 
Chunk size 1048586
The number of clients is: 2
Sending
Error while sending
Chunk in parsing : GET /cgi/bible.txt HTTP/1.1
Host: 127.0.0.1:8079
Accept: */*
Accept-Encoding: gzip, deflate
User-Agent: Mozilla/5.0 (pc-x86_64-linux-gnu) Siege/4.1.5
Connection: close


Decoded URI : /cgi/bible.txt
File in while : /cgi/bible.txt with size : 14
File in while : cgi/bible.txt with size : 13
File in while : bible.txt with size : 9
tmp : bible.txt
count : 0
tmp : cgi/
count : 0
tmp : /
count : 0
file in second while : 
file in second while : /
file in second while : /cgi/
file : /cgi/bible.txt
Key :accept
Val :*/*
Key :accept-encoding
Val :gzip
Val :deflate
Key :connection
Val :close
Key :host
Val :127.0.0.1
Key :user-agent
Val :Mozilla/5.0 (pc-x86_64-linux-gnu) Siege/4.1.5
Result : 200
Fully qualified path: ***./www/default/cgi/bible.txt***
The file is: ./www/default/cgi/bible.txt
The path_info is: 
No execution of cgi
Chunk size:1048576
1:1 In the begi
HEX size 100000

100000
1:1 In 
Chunk size 1048586
The number of clients is: 2
Sending
Error while sending
Chunk in parsing : GET /cgi/bible.txt HTTP/1.1
Host: 127.0.0.1:8079
Accept: */*
Accept-Encoding: gzip, deflate
User-Agent: Mozilla/5.0 (pc-x86_64-linux-gnu) Siege/4.1.5
Connection: close


Decoded URI : /cgi/bible.txt
File in while : /cgi/bible.txt with size : 14
File in while : cgi/bible.txt with size : 13
File in while : bible.txt with size : 9
tmp : bible.txt
count : 0
tmp : cgi/
count : 0
tmp : /
count : 0
file in second while : 
file in second while : /
file in second while : /cgi/
file : /cgi/bible.txt
Key :accept
Val :*/*
Key :accept-encoding
Val :gzip
Val :deflate
Key :connection
Val :close
Key :host
Val :127.0.0.1
Key :user-agent
Val :Mozilla/5.0 (pc-x86_64-linux-gnu) Siege/4.1.5
Result : 200
Fully qualified path: ***./www/default/cgi/bible.txt***
The file is: ./www/default/cgi/bible.txt
The path_info is: 
No execution of cgi
Chunk size:1048576
1:1 In the begi
HEX size 100000

100000
1:1 In 
Chunk size 1048586
The number of clients is: 2
Sending
Error while sending
Chunk in parsing : GET /cgi/bible.txt HTTP/1.1
Host: 127.0.0.1:8079
Accept: */*
Accept-Encoding: gzip, deflate
User-Agent: Mozilla/5.0 (pc-x86_64-linux-gnu) Siege/4.1.5
Connection: close


Decoded URI : /cgi/bible.txt
File in while : /cgi/bible.txt with size : 14
File in while : cgi/bible.txt with size : 13
File in while : bible.txt with size : 9
tmp : bible.txt
count : 0
tmp : cgi/
count : 0
tmp : /
count : 0
file in second while : 
file in second while : /
file in second while : /cgi/
file : /cgi/bible.txt
Key :accept
Val :*/*
Key :accept-encoding
Val :gzip
Val :deflate
Key :connection
Val :close
Key :host
Val :127.0.0.1
Key :user-agent
Val :Mozilla/5.0 (pc-x86_64-linux-gnu) Siege/4.1.5
Result : 200
Fully qualified path: ***./www/default/cgi/bible.txt***
The file is: ./www/default/cgi/bible.txt
The path_info is: 
No execution of cgi
Chunk size:1048576
1:1 In the begi
HEX size 100000

100000
1:1 In 
Chunk size 1048586
The number of clients is: 2
==793315== 
==793315== HEAP SUMMARY:
==793315==     in use at exit: 0 bytes in 0 blocks
==793315==   total heap usage: 6,044 allocs, 6,044 frees, 29,188,779 bytes allocated
==793315== 
==793315== All heap blocks were freed -- no leaks are possible
==793315== 
==793315== For lists of detected and suppressed errors, rerun with: -s
==793315== ERROR SUMMARY: 0 errors from 0 contexts (suppressed: 0 from 0)
